<?xml version="1.0" encoding="UTF-8"?>
<!-- Generated by org.testng.reporters.JUnitReportReporter -->
<testsuite hostname="eli_5-PC" name="com.scp.selenium4.seleniumDemo.RegisterPageAutomation" tests="1" failures="0" timestamp="29 Jul 2017 13:35:01 GMT" time="29.541" errors="0">
  <testcase name="method1" time="29.541" classname="com.scp.selenium4.seleniumDemo.RegisterPageAutomation"/>
</testsuite> <!-- com.scp.selenium4.seleniumDemo.RegisterPageAutomation -->
